<?xml version="1.0" encoding="UTF-8"?>
<!-- Generated by org.testng.reporters.JUnitReportReporter -->
<testsuite hostname="DESKTOP-NPFOONT" failures="0" tests="2" name="testcases.Testcase9" time="15.375" errors="0" timestamp="2024-03-23T18:10:00 IST" skipped="0">
  <testcase classname="testcases.Testcase9" name="testHomePageTitle" time="0.036"/>
  <testcase classname="testcases.Testcase9" name="createAccount" time="15.339"/>
</testsuite> <!-- testcases.Testcase9 -->
