<?xml version="1.0" encoding="UTF-8"?>
<!-- Generated by org.testng.reporters.JUnitReportReporter -->
<testsuite hostname="DESKTOP-NPFOONT" failures="0" tests="2" name="testcases.Testcase2" time="1.996" errors="0" timestamp="2024-03-20T17:09:08 IST" skipped="0">
  <testcase classname="testcases.Testcase2" name="testHomePageTitle" time="0.081"/>
  <testcase classname="testcases.Testcase2" name="productnavigation" time="1.915"/>
</testsuite> <!-- testcases.Testcase2 -->
