<?xml version="1.0" encoding="UTF-8"?>
<!-- Generated by org.testng.reporters.JUnitReportReporter -->
<testsuite hostname="DESKTOP-NPFOONT" failures="0" tests="1" name="testcases.Testcase1" time="0.527" errors="0" timestamp="2024-03-24T17:45:59 IST" skipped="0">
  <testcase classname="testcases.Testcase1" name="testHomePageTitle" time="0.527"/>
</testsuite> <!-- testcases.Testcase1 -->
