<?xml version="1.0" encoding="UTF-8"?>
<!-- Generated by org.testng.reporters.JUnitReportReporter -->
<testsuite hostname="DESKTOP-NPFOONT" failures="0" tests="2" name="testcases.Testcase5" time="5.668" errors="0" timestamp="2024-03-23T19:50:15 IST" skipped="0">
  <testcase classname="testcases.Testcase5" name="testHomePageTitle" time="0.047"/>
  <testcase classname="testcases.Testcase5" name="saleslink" time="5.621"/>
</testsuite> <!-- testcases.Testcase5 -->
