<?xml version="1.0" encoding="UTF-8"?>
<!-- Generated by org.testng.reporters.JUnitReportReporter -->
<testsuite hostname="DESKTOP-NPFOONT" failures="0" tests="4" name="testcases.Testcase6" time="2.041" errors="0" timestamp="2024-03-21T12:28:46 IST" skipped="0">
  <testcase classname="testcases.Testcase6" name="testHomePageTitle" time="0.036"/>
  <testcase classname="testcases.Testcase6" name="productnavigation" time="1.919"/>
  <testcase classname="testcases.Testcase6" name="verifyWomensCategories" time="0.051"/>
  <testcase classname="testcases.Testcase6" name="verifyMensCategories" time="0.035"/>
</testsuite> <!-- testcases.Testcase6 -->
