<?xml version="1.0" encoding="UTF-8"?>
<!-- Generated by org.testng.reporters.JUnitReportReporter -->
<testsuite hostname="DESKTOP-NPFOONT" failures="0" tests="2" name="testcases.Testcase7" time="15.136" errors="0" timestamp="2024-03-23T17:53:24 IST" skipped="0">
  <testcase classname="testcases.Testcase7" name="testHomePageTitle" time="0.048"/>
  <testcase classname="testcases.Testcase7" name="createAccount" time="15.088"/>
</testsuite> <!-- testcases.Testcase7 -->
