<?xml version="1.0" encoding="UTF-8"?>
<!-- Generated by org.testng.reporters.JUnitReportReporter -->
<testsuite hostname="DESKTOP-NPFOONT" failures="0" tests="2" name="testcases.Testcase8" time="7.504" errors="0" timestamp="2024-03-23T18:19:06 IST" skipped="0">
  <testcase classname="testcases.Testcase8" name="testHomePageTitle" time="0.025"/>
  <testcase classname="testcases.Testcase8" name="createAccount" time="7.479"/>
</testsuite> <!-- testcases.Testcase8 -->
