<?xml version="1.0" encoding="UTF-8"?>
<!-- Generated by org.testng.reporters.JUnitReportReporter -->
<testsuite hostname="DESKTOP-NPFOONT" failures="0" tests="2" name="testcases.Testcase15" time="3.486" errors="0" timestamp="2024-03-24T11:03:54 IST" skipped="0">
  <testcase classname="testcases.Testcase15" name="testHomePageTitle" time="0.034"/>
  <testcase classname="testcases.Testcase15" name="testSearch" time="3.452"/>
</testsuite> <!-- testcases.Testcase15 -->
