<?xml version="1.0" encoding="UTF-8"?>
<!-- Generated by org.testng.reporters.JUnitReportReporter -->
<testsuite hostname="DESKTOP-NPFOONT" failures="0" tests="2" name="testcases.Testcase10" time="4.998" errors="0" timestamp="2024-03-23T18:21:37 IST" skipped="0">
  <testcase classname="testcases.Testcase10" name="testHomePageTitle" time="0.028"/>
  <testcase classname="testcases.Testcase10" name="createAccount" time="4.970"/>
</testsuite> <!-- testcases.Testcase10 -->
