<?xml version="1.0" encoding="UTF-8"?>
<!-- Generated by org.testng.reporters.JUnitReportReporter -->
<testsuite hostname="DESKTOP-NPFOONT" failures="0" tests="2" name="testcases.Testcase14" time="4.254" errors="0" timestamp="2024-03-24T08:03:02 IST" skipped="0">
  <testcase classname="testcases.Testcase14" name="testHomePageTitle" time="0.058"/>
  <testcase classname="testcases.Testcase14" name="mouseHover" time="4.196"/>
</testsuite> <!-- testcases.Testcase14 -->
