<?xml version="1.0" encoding="UTF-8"?>
<!-- Generated by org.testng.reporters.JUnitReportReporter -->
<testsuite hostname="DESKTOP-NPFOONT" failures="0" tests="2" name="testcases.Testcase11" time="5.425" errors="0" timestamp="2024-03-23T19:12:58 IST" skipped="0">
  <testcase classname="testcases.Testcase11" name="testHomePageTitle" time="0.033"/>
  <testcase classname="testcases.Testcase11" name="addtoWishlist" time="5.392"/>
</testsuite> <!-- testcases.Testcase11 -->
