<?xml version="1.0" encoding="UTF-8"?>
<!-- Generated by org.testng.reporters.JUnitReportReporter -->
<testsuite hostname="DESKTOP-NPFOONT" failures="0" tests="3" name="testcases.Testcase13" time="7.726" errors="0" timestamp="2024-03-24T10:28:31 IST" skipped="0">
  <testcase classname="testcases.Testcase13" name="testHomePageTitle" time="0.053"/>
  <testcase classname="testcases.Testcase13" name="WomensCategory" time="4.041"/>
  <testcase classname="testcases.Testcase13" name="addtocart" time="3.632"/>
</testsuite> <!-- testcases.Testcase13 -->
