<?xml version="1.0" encoding="UTF-8"?>
<!-- Generated by org.testng.reporters.JUnitReportReporter -->
<testsuite hostname="DESKTOP-NPFOONT" failures="0" tests="4" name="testcases.Testcase3" time="3.113" errors="0" timestamp="2024-03-20T18:24:19 IST" skipped="0">
  <testcase classname="testcases.Testcase3" name="testHomePageTitle" time="0.046"/>
  <testcase classname="testcases.Testcase3" name="productnavigation" time="1.594"/>
  <testcase classname="testcases.Testcase3" name="detailsDescriptionTab" time="0.854"/>
  <testcase classname="testcases.Testcase3" name="moreAdditionalInfoTab" time="0.619"/>
</testsuite> <!-- testcases.Testcase3 -->
